Analysis & Synthesis report for CryptoDef
Wed Dec 11 19:33:59 2024
Quartus Prime Version 20.1.1 Build 720 11/11/2020 SJ Lite Edition


---------------------
; Table of Contents ;
---------------------
  1. Legal Notice
  2. Analysis & Synthesis Summary
  3. Analysis & Synthesis Settings
  4. Parallel Compilation
  5. Analysis & Synthesis Source Files Read
  6. Analysis & Synthesis Resource Usage Summary
  7. Analysis & Synthesis Resource Utilization by Entity
  8. Registers Removed During Synthesis
  9. General Register Statistics
 10. Multiplexer Restructuring Statistics (Restructuring Performed)
 11. Port Connectivity Checks: "hex_to_7seg:ht73b"
 12. Port Connectivity Checks: "hex_to_7seg:ht72b"
 13. Port Connectivity Checks: "hex_to_7seg:ht71b"
 14. Port Connectivity Checks: "hex_to_7seg:ht70b"
 15. Port Connectivity Checks: "hex_to_7seg:ht73a"
 16. Port Connectivity Checks: "hex_to_7seg:ht72a"
 17. Port Connectivity Checks: "hex_to_7seg:ht71a"
 18. Port Connectivity Checks: "hex_to_7seg:ht70a"
 19. Port Connectivity Checks: "magma:MAGMA"
 20. Post-Synthesis Netlist Statistics for Top Partition
 21. Elapsed Time Per Partition
 22. Analysis & Synthesis Messages



----------------
; Legal Notice ;
----------------
Copyright (C) 2020  Intel Corporation. All rights reserved.
Your use of Intel Corporation's design tools, logic functions 
and other software and tools, and any partner logic 
functions, and any output files from any of the foregoing 
(including device programming or simulation files), and any 
associated documentation or information are expressly subject 
to the terms and conditions of the Intel Program License 
Subscription Agreement, the Intel Quartus Prime License Agreement,
the Intel FPGA IP License Agreement, or other applicable license
agreement, including, without limitation, that your use is for
the sole purpose of programming logic devices manufactured by
Intel and sold by Intel or its authorized distributors.  Please
refer to the applicable agreement for further details, at
https://fpgasoftware.intel.com/eula.



+----------------------------------------------------------------------------------+
; Analysis & Synthesis Summary                                                     ;
+------------------------------------+---------------------------------------------+
; Analysis & Synthesis Status        ; Successful - Wed Dec 11 19:33:58 2024       ;
; Quartus Prime Version              ; 20.1.1 Build 720 11/11/2020 SJ Lite Edition ;
; Revision Name                      ; CryptoDef                                   ;
; Top-level Entity Name              ; Data_driver                                 ;
; Family                             ; Cyclone IV E                                ;
; Total logic elements               ; 1,618                                       ;
;     Total combinational functions  ; 1,548                                       ;
;     Dedicated logic registers      ; 553                                         ;
; Total registers                    ; 553                                         ;
; Total pins                         ; 81                                          ;
; Total virtual pins                 ; 0                                           ;
; Total memory bits                  ; 0                                           ;
; Embedded Multiplier 9-bit elements ; 0                                           ;
; Total PLLs                         ; 0                                           ;
+------------------------------------+---------------------------------------------+


+------------------------------------------------------------------------------------------------------------+
; Analysis & Synthesis Settings                                                                              ;
+------------------------------------------------------------------+--------------------+--------------------+
; Option                                                           ; Setting            ; Default Value      ;
+------------------------------------------------------------------+--------------------+--------------------+
; Device                                                           ; EP4CE115F29C7      ;                    ;
; Top-level entity name                                            ; Data_driver        ; CryptoDef          ;
; Family name                                                      ; Cyclone IV E       ; Cyclone V          ;
; Use smart compilation                                            ; Off                ; Off                ;
; Enable parallel Assembler and Timing Analyzer during compilation ; On                 ; On                 ;
; Enable compact report table                                      ; Off                ; Off                ;
; Restructure Multiplexers                                         ; Auto               ; Auto               ;
; Create Debugging Nodes for IP Cores                              ; Off                ; Off                ;
; Preserve fewer node names                                        ; On                 ; On                 ;
; Intel FPGA IP Evaluation Mode                                    ; Enable             ; Enable             ;
; Verilog Version                                                  ; Verilog_2001       ; Verilog_2001       ;
; VHDL Version                                                     ; VHDL_1993          ; VHDL_1993          ;
; State Machine Processing                                         ; Auto               ; Auto               ;
; Safe State Machine                                               ; Off                ; Off                ;
; Extract Verilog State Machines                                   ; On                 ; On                 ;
; Extract VHDL State Machines                                      ; On                 ; On                 ;
; Ignore Verilog initial constructs                                ; Off                ; Off                ;
; Iteration limit for constant Verilog loops                       ; 5000               ; 5000               ;
; Iteration limit for non-constant Verilog loops                   ; 250                ; 250                ;
; Add Pass-Through Logic to Inferred RAMs                          ; On                 ; On                 ;
; Infer RAMs from Raw Logic                                        ; On                 ; On                 ;
; Parallel Synthesis                                               ; On                 ; On                 ;
; DSP Block Balancing                                              ; Auto               ; Auto               ;
; NOT Gate Push-Back                                               ; On                 ; On                 ;
; Power-Up Don't Care                                              ; On                 ; On                 ;
; Remove Redundant Logic Cells                                     ; Off                ; Off                ;
; Remove Duplicate Registers                                       ; On                 ; On                 ;
; Ignore CARRY Buffers                                             ; Off                ; Off                ;
; Ignore CASCADE Buffers                                           ; Off                ; Off                ;
; Ignore GLOBAL Buffers                                            ; Off                ; Off                ;
; Ignore ROW GLOBAL Buffers                                        ; Off                ; Off                ;
; Ignore LCELL Buffers                                             ; Off                ; Off                ;
; Ignore SOFT Buffers                                              ; On                 ; On                 ;
; Limit AHDL Integers to 32 Bits                                   ; Off                ; Off                ;
; Optimization Technique                                           ; Balanced           ; Balanced           ;
; Carry Chain Length                                               ; 70                 ; 70                 ;
; Auto Carry Chains                                                ; On                 ; On                 ;
; Auto Open-Drain Pins                                             ; On                 ; On                 ;
; Perform WYSIWYG Primitive Resynthesis                            ; Off                ; Off                ;
; Auto ROM Replacement                                             ; On                 ; On                 ;
; Auto RAM Replacement                                             ; On                 ; On                 ;
; Auto DSP Block Replacement                                       ; On                 ; On                 ;
; Auto Shift Register Replacement                                  ; Auto               ; Auto               ;
; Allow Shift Register Merging across Hierarchies                  ; Auto               ; Auto               ;
; Auto Clock Enable Replacement                                    ; On                 ; On                 ;
; Strict RAM Replacement                                           ; Off                ; Off                ;
; Allow Synchronous Control Signals                                ; On                 ; On                 ;
; Force Use of Synchronous Clear Signals                           ; Off                ; Off                ;
; Auto RAM Block Balancing                                         ; On                 ; On                 ;
; Auto RAM to Logic Cell Conversion                                ; Off                ; Off                ;
; Auto Resource Sharing                                            ; Off                ; Off                ;
; Allow Any RAM Size For Recognition                               ; Off                ; Off                ;
; Allow Any ROM Size For Recognition                               ; Off                ; Off                ;
; Allow Any Shift Register Size For Recognition                    ; Off                ; Off                ;
; Use LogicLock Constraints during Resource Balancing              ; On                 ; On                 ;
; Ignore translate_off and synthesis_off directives                ; Off                ; Off                ;
; Timing-Driven Synthesis                                          ; On                 ; On                 ;
; Report Parameter Settings                                        ; On                 ; On                 ;
; Report Source Assignments                                        ; On                 ; On                 ;
; Report Connectivity Checks                                       ; On                 ; On                 ;
; Ignore Maximum Fan-Out Assignments                               ; Off                ; Off                ;
; Synchronization Register Chain Length                            ; 2                  ; 2                  ;
; Power Optimization During Synthesis                              ; Normal compilation ; Normal compilation ;
; HDL message level                                                ; Level2             ; Level2             ;
; Suppress Register Optimization Related Messages                  ; Off                ; Off                ;
; Number of Removed Registers Reported in Synthesis Report         ; 5000               ; 5000               ;
; Number of Swept Nodes Reported in Synthesis Report               ; 5000               ; 5000               ;
; Number of Inverted Registers Reported in Synthesis Report        ; 100                ; 100                ;
; Clock MUX Protection                                             ; On                 ; On                 ;
; Auto Gated Clock Conversion                                      ; Off                ; Off                ;
; Block Design Naming                                              ; Auto               ; Auto               ;
; SDC constraint protection                                        ; Off                ; Off                ;
; Synthesis Effort                                                 ; Auto               ; Auto               ;
; Shift Register Replacement - Allow Asynchronous Clear Signal     ; On                 ; On                 ;
; Pre-Mapping Resynthesis Optimization                             ; Off                ; Off                ;
; Analysis & Synthesis Message Level                               ; Medium             ; Medium             ;
; Disable Register Merging Across Hierarchies                      ; Auto               ; Auto               ;
; Resource Aware Inference For Block RAM                           ; On                 ; On                 ;
+------------------------------------------------------------------+--------------------+--------------------+


+------------------------------------------+
; Parallel Compilation                     ;
+----------------------------+-------------+
; Processors                 ; Number      ;
+----------------------------+-------------+
; Number detected on machine ; 12          ;
; Maximum allowed            ; 12          ;
;                            ;             ;
; Average used               ; 1.00        ;
; Maximum used               ; 12          ;
;                            ;             ;
; Usage by Processor         ; % Time Used ;
;     Processor 1            ; 100.0%      ;
;     Processor 2            ;   0.0%      ;
;     Processor 3            ;   0.0%      ;
;     Processor 4            ;   0.0%      ;
;     Processor 5            ;   0.0%      ;
;     Processor 6            ;   0.0%      ;
;     Processor 7            ;   0.0%      ;
;     Processor 8            ;   0.0%      ;
;     Processors 9-12        ;   0.0%      ;
+----------------------------+-------------+


+--------------------------------------------------------------------------------------------------------------------------------------------------------------------------------------------------------------------------+
; Analysis & Synthesis Source Files Read                                                                                                                                                                                   ;
+----------------------------------------------------------------------------------+-----------------+------------------------+----------------------------------------------------------------------------------+---------+
; File Name with User-Entered Path                                                 ; Used in Netlist ; File Type              ; File Name with Absolute Path                                                     ; Library ;
+----------------------------------------------------------------------------------+-----------------+------------------------+----------------------------------------------------------------------------------+---------+
; //wsl.localhost/Ubuntu/home/nik/extra/ex_ex/Zaschita_Huiny_Podgect/Data_driver.v ; yes             ; User Verilog HDL File  ; //wsl.localhost/Ubuntu/home/nik/extra/ex_ex/Zaschita_Huiny_Podgect/Data_driver.v ;         ;
; //wsl.localhost/Ubuntu/home/nik/extra/ex_ex/Zaschita_Huiny_Podgect/magma.v       ; yes             ; User Verilog HDL File  ; //wsl.localhost/Ubuntu/home/nik/extra/ex_ex/Zaschita_Huiny_Podgect/magma.v       ;         ;
+----------------------------------------------------------------------------------+-----------------+------------------------+----------------------------------------------------------------------------------+---------+


+---------------------------------------------------------+
; Analysis & Synthesis Resource Usage Summary             ;
+---------------------------------------------+-----------+
; Resource                                    ; Usage     ;
+---------------------------------------------+-----------+
; Estimated Total logic elements              ; 1,618     ;
;                                             ;           ;
; Total combinational functions               ; 1548      ;
; Logic element usage by number of LUT inputs ;           ;
;     -- 4 input functions                    ; 1056      ;
;     -- 3 input functions                    ; 370       ;
;     -- <=2 input functions                  ; 122       ;
;                                             ;           ;
; Logic elements by mode                      ;           ;
;     -- normal mode                          ; 1520      ;
;     -- arithmetic mode                      ; 28        ;
;                                             ;           ;
; Total registers                             ; 553       ;
;     -- Dedicated logic registers            ; 553       ;
;     -- I/O registers                        ; 0         ;
;                                             ;           ;
; I/O pins                                    ; 81        ;
;                                             ;           ;
; Embedded Multiplier 9-bit elements          ; 0         ;
;                                             ;           ;
; Maximum fan-out node                        ; clk~input ;
; Maximum fan-out                             ; 553       ;
; Total fan-out                               ; 7446      ;
; Average fan-out                             ; 3.29      ;
+---------------------------------------------+-----------+


+---------------------------------------------------------------------------------------------------------------------------------------------------------------------------------------------------------------------+
; Analysis & Synthesis Resource Utilization by Entity                                                                                                                                                                 ;
+----------------------------+---------------------+---------------------------+-------------+--------------+---------+-----------+------+--------------+--------------------------------+-------------+--------------+
; Compilation Hierarchy Node ; Combinational ALUTs ; Dedicated Logic Registers ; Memory Bits ; DSP Elements ; DSP 9x9 ; DSP 18x18 ; Pins ; Virtual Pins ; Full Hierarchy Name            ; Entity Name ; Library Name ;
+----------------------------+---------------------+---------------------------+-------------+--------------+---------+-----------+------+--------------+--------------------------------+-------------+--------------+
; |Data_driver               ; 1548 (1291)         ; 553 (417)                 ; 0           ; 0            ; 0       ; 0         ; 81   ; 0            ; |Data_driver                   ; Data_driver ; work         ;
;    |hex_to_7seg:ht70a|     ; 23 (23)             ; 0 (0)                     ; 0           ; 0            ; 0       ; 0         ; 0    ; 0            ; |Data_driver|hex_to_7seg:ht70a ; hex_to_7seg ; work         ;
;    |hex_to_7seg:ht70b|     ; 23 (23)             ; 0 (0)                     ; 0           ; 0            ; 0       ; 0         ; 0    ; 0            ; |Data_driver|hex_to_7seg:ht70b ; hex_to_7seg ; work         ;
;    |hex_to_7seg:ht71a|     ; 24 (24)             ; 0 (0)                     ; 0           ; 0            ; 0       ; 0         ; 0    ; 0            ; |Data_driver|hex_to_7seg:ht71a ; hex_to_7seg ; work         ;
;    |hex_to_7seg:ht71b|     ; 21 (21)             ; 0 (0)                     ; 0           ; 0            ; 0       ; 0         ; 0    ; 0            ; |Data_driver|hex_to_7seg:ht71b ; hex_to_7seg ; work         ;
;    |hex_to_7seg:ht72a|     ; 23 (23)             ; 0 (0)                     ; 0           ; 0            ; 0       ; 0         ; 0    ; 0            ; |Data_driver|hex_to_7seg:ht72a ; hex_to_7seg ; work         ;
;    |hex_to_7seg:ht72b|     ; 21 (21)             ; 0 (0)                     ; 0           ; 0            ; 0       ; 0         ; 0    ; 0            ; |Data_driver|hex_to_7seg:ht72b ; hex_to_7seg ; work         ;
;    |hex_to_7seg:ht73a|     ; 22 (22)             ; 0 (0)                     ; 0           ; 0            ; 0       ; 0         ; 0    ; 0            ; |Data_driver|hex_to_7seg:ht73a ; hex_to_7seg ; work         ;
;    |hex_to_7seg:ht73b|     ; 22 (22)             ; 0 (0)                     ; 0           ; 0            ; 0       ; 0         ; 0    ; 0            ; |Data_driver|hex_to_7seg:ht73b ; hex_to_7seg ; work         ;
;    |magma:MAGMA|           ; 78 (78)             ; 136 (136)                 ; 0           ; 0            ; 0       ; 0         ; 0    ; 0            ; |Data_driver|magma:MAGMA       ; magma       ; work         ;
+----------------------------+---------------------+---------------------------+-------------+--------------+---------+-----------+------+--------------+--------------------------------+-------------+--------------+
Note: For table entries with two numbers listed, the numbers in parentheses indicate the number of resources of the given type used by the specific entity alone. The numbers listed outside of parentheses indicate the total resources of the given type used by the specific entity and all of its sub-entities in the hierarchy.


+---------------------------------------------------------------------------------+
; Registers Removed During Synthesis                                              ;
+----------------------------------------+----------------------------------------+
; Register name                          ; Reason for Removal                     ;
+----------------------------------------+----------------------------------------+
; magma:MAGMA|s_result[1..31]            ; Merged with magma:MAGMA|s_result[0]    ;
; magma:MAGMA|s_result[0]                ; Stuck at GND due to stuck port data_in ;
; Total Number of Removed Registers = 32 ;                                        ;
+----------------------------------------+----------------------------------------+


+------------------------------------------------------+
; General Register Statistics                          ;
+----------------------------------------------+-------+
; Statistic                                    ; Value ;
+----------------------------------------------+-------+
; Total registers                              ; 553   ;
; Number of registers using Synchronous Clear  ; 26    ;
; Number of registers using Synchronous Load   ; 0     ;
; Number of registers using Asynchronous Clear ; 72    ;
; Number of registers using Asynchronous Load  ; 0     ;
; Number of registers using Clock Enable       ; 521   ;
; Number of registers using Preset             ; 0     ;
+----------------------------------------------+-------+


+-------------------------------------------------------------------------------------------------------------------------------------------------+
; Multiplexer Restructuring Statistics (Restructuring Performed)                                                                                  ;
+--------------------+-----------+---------------+----------------------+------------------------+------------+-----------------------------------+
; Multiplexer Inputs ; Bus Width ; Baseline Area ; Area if Restructured ; Saving if Restructured ; Registered ; Example Multiplexer Output        ;
+--------------------+-----------+---------------+----------------------+------------------------+------------+-----------------------------------+
; 3:1                ; 256 bits  ; 512 LEs       ; 256 LEs              ; 256 LEs                ; Yes        ; |Data_driver|key[170]             ;
; 3:1                ; 3 bits    ; 6 LEs         ; 3 LEs                ; 3 LEs                  ; Yes        ; |Data_driver|pos[2]               ;
; 3:1                ; 128 bits  ; 256 LEs       ; 128 LEs              ; 128 LEs                ; Yes        ; |Data_driver|data_in[1]           ;
; 3:1                ; 6 bits    ; 12 LEs        ; 6 LEs                ; 6 LEs                  ; Yes        ; |Data_driver|magma:MAGMA|round[3] ;
; 3:1                ; 64 bits   ; 128 LEs       ; 64 LEs               ; 64 LEs                 ; Yes        ; |Data_driver|magma:MAGMA|left[21] ;
; 3:1                ; 32 bits   ; 64 LEs        ; 32 LEs               ; 32 LEs                 ; No         ; |Data_driver|ShiftLeft1           ;
; 3:1                ; 32 bits   ; 64 LEs        ; 32 LEs               ; 32 LEs                 ; No         ; |Data_driver|ShiftLeft1           ;
; 4:1                ; 2 bits    ; 4 LEs         ; 4 LEs                ; 0 LEs                  ; No         ; |Data_driver|Gr_pos_led           ;
; 4:1                ; 2 bits    ; 4 LEs         ; 4 LEs                ; 0 LEs                  ; No         ; |Data_driver|Gr_pos_led           ;
; 4:1                ; 32 bits   ; 64 LEs        ; 64 LEs               ; 0 LEs                  ; No         ; |Data_driver|ShiftRight3          ;
; 18:1               ; 32 bits   ; 384 LEs       ; 320 LEs              ; 64 LEs                 ; No         ; |Data_driver|ShiftRight3          ;
+--------------------+-----------+---------------+----------------------+------------------------+------------+-----------------------------------+


+----------------------------------------------------------------------------------------------------------------------------------------------------------------------------------------------------------------+
; Port Connectivity Checks: "hex_to_7seg:ht73b"                                                                                                                                                                  ;
+------+-------+----------+--------------------------------------------------------------------------------------------------------------------------------------------------------------------------------------+
; Port ; Type  ; Severity ; Details                                                                                                                                                                              ;
+------+-------+----------+--------------------------------------------------------------------------------------------------------------------------------------------------------------------------------------+
; hex  ; Input ; Warning  ; Input port expression (256 bits) is wider than the input port (4 bits) it drives.  The 252 most-significant bit(s) in the expression will be dangling if they have no other fanouts. ;
+------+-------+----------+--------------------------------------------------------------------------------------------------------------------------------------------------------------------------------------+


+----------------------------------------------------------------------------------------------------------------------------------------------------------------------------------------------------------------+
; Port Connectivity Checks: "hex_to_7seg:ht72b"                                                                                                                                                                  ;
+------+-------+----------+--------------------------------------------------------------------------------------------------------------------------------------------------------------------------------------+
; Port ; Type  ; Severity ; Details                                                                                                                                                                              ;
+------+-------+----------+--------------------------------------------------------------------------------------------------------------------------------------------------------------------------------------+
; hex  ; Input ; Warning  ; Input port expression (256 bits) is wider than the input port (4 bits) it drives.  The 252 most-significant bit(s) in the expression will be dangling if they have no other fanouts. ;
+------+-------+----------+--------------------------------------------------------------------------------------------------------------------------------------------------------------------------------------+


+----------------------------------------------------------------------------------------------------------------------------------------------------------------------------------------------------------------+
; Port Connectivity Checks: "hex_to_7seg:ht71b"                                                                                                                                                                  ;
+------+-------+----------+--------------------------------------------------------------------------------------------------------------------------------------------------------------------------------------+
; Port ; Type  ; Severity ; Details                                                                                                                                                                              ;
+------+-------+----------+--------------------------------------------------------------------------------------------------------------------------------------------------------------------------------------+
; hex  ; Input ; Warning  ; Input port expression (256 bits) is wider than the input port (4 bits) it drives.  The 252 most-significant bit(s) in the expression will be dangling if they have no other fanouts. ;
+------+-------+----------+--------------------------------------------------------------------------------------------------------------------------------------------------------------------------------------+


+----------------------------------------------------------------------------------------------------------------------------------------------------------------------------------------------------------------+
; Port Connectivity Checks: "hex_to_7seg:ht70b"                                                                                                                                                                  ;
+------+-------+----------+--------------------------------------------------------------------------------------------------------------------------------------------------------------------------------------+
; Port ; Type  ; Severity ; Details                                                                                                                                                                              ;
+------+-------+----------+--------------------------------------------------------------------------------------------------------------------------------------------------------------------------------------+
; hex  ; Input ; Warning  ; Input port expression (256 bits) is wider than the input port (4 bits) it drives.  The 252 most-significant bit(s) in the expression will be dangling if they have no other fanouts. ;
+------+-------+----------+--------------------------------------------------------------------------------------------------------------------------------------------------------------------------------------+


+----------------------------------------------------------------------------------------------------------------------------------------------------------------------------------------------------------------+
; Port Connectivity Checks: "hex_to_7seg:ht73a"                                                                                                                                                                  ;
+------+-------+----------+--------------------------------------------------------------------------------------------------------------------------------------------------------------------------------------+
; Port ; Type  ; Severity ; Details                                                                                                                                                                              ;
+------+-------+----------+--------------------------------------------------------------------------------------------------------------------------------------------------------------------------------------+
; hex  ; Input ; Warning  ; Input port expression (256 bits) is wider than the input port (4 bits) it drives.  The 252 most-significant bit(s) in the expression will be dangling if they have no other fanouts. ;
+------+-------+----------+--------------------------------------------------------------------------------------------------------------------------------------------------------------------------------------+


+----------------------------------------------------------------------------------------------------------------------------------------------------------------------------------------------------------------+
; Port Connectivity Checks: "hex_to_7seg:ht72a"                                                                                                                                                                  ;
+------+-------+----------+--------------------------------------------------------------------------------------------------------------------------------------------------------------------------------------+
; Port ; Type  ; Severity ; Details                                                                                                                                                                              ;
+------+-------+----------+--------------------------------------------------------------------------------------------------------------------------------------------------------------------------------------+
; hex  ; Input ; Warning  ; Input port expression (256 bits) is wider than the input port (4 bits) it drives.  The 252 most-significant bit(s) in the expression will be dangling if they have no other fanouts. ;
+------+-------+----------+--------------------------------------------------------------------------------------------------------------------------------------------------------------------------------------+


+----------------------------------------------------------------------------------------------------------------------------------------------------------------------------------------------------------------+
; Port Connectivity Checks: "hex_to_7seg:ht71a"                                                                                                                                                                  ;
+------+-------+----------+--------------------------------------------------------------------------------------------------------------------------------------------------------------------------------------+
; Port ; Type  ; Severity ; Details                                                                                                                                                                              ;
+------+-------+----------+--------------------------------------------------------------------------------------------------------------------------------------------------------------------------------------+
; hex  ; Input ; Warning  ; Input port expression (256 bits) is wider than the input port (4 bits) it drives.  The 252 most-significant bit(s) in the expression will be dangling if they have no other fanouts. ;
+------+-------+----------+--------------------------------------------------------------------------------------------------------------------------------------------------------------------------------------+


+----------------------------------------------------------------------------------------------------------------------------------------------------------------------------------------------------------------+
; Port Connectivity Checks: "hex_to_7seg:ht70a"                                                                                                                                                                  ;
+------+-------+----------+--------------------------------------------------------------------------------------------------------------------------------------------------------------------------------------+
; Port ; Type  ; Severity ; Details                                                                                                                                                                              ;
+------+-------+----------+--------------------------------------------------------------------------------------------------------------------------------------------------------------------------------------+
; hex  ; Input ; Warning  ; Input port expression (256 bits) is wider than the input port (4 bits) it drives.  The 252 most-significant bit(s) in the expression will be dangling if they have no other fanouts. ;
+------+-------+----------+--------------------------------------------------------------------------------------------------------------------------------------------------------------------------------------+


+---------------------------------------------------------------------------------------------------------------------------------------------------------------------------------------------------------------------+
; Port Connectivity Checks: "magma:MAGMA"                                                                                                                                                                             ;
+----------+--------+----------+--------------------------------------------------------------------------------------------------------------------------------------------------------------------------------------+
; Port     ; Type   ; Severity ; Details                                                                                                                                                                              ;
+----------+--------+----------+--------------------------------------------------------------------------------------------------------------------------------------------------------------------------------------+
; data_in  ; Input  ; Warning  ; Input port expression (128 bits) is wider than the input port (64 bits) it drives.  The 64 most-significant bit(s) in the expression will be dangling if they have no other fanouts. ;
; data_out ; Output ; Warning  ; Output or bidir port (64 bits) is smaller than the port expression (128 bits) it drives.  The 64 most-significant bit(s) in the port expression will be connected to GND.            ;
+----------+--------+----------+--------------------------------------------------------------------------------------------------------------------------------------------------------------------------------------+


+-----------------------------------------------------+
; Post-Synthesis Netlist Statistics for Top Partition ;
+-----------------------+-----------------------------+
; Type                  ; Count                       ;
+-----------------------+-----------------------------+
; boundary_port         ; 81                          ;
; cycloneiii_ff         ; 553                         ;
;     CLR               ; 2                           ;
;     ENA               ; 449                         ;
;     ENA CLR           ; 70                          ;
;     ENA SCLR          ; 2                           ;
;     SCLR              ; 24                          ;
;     plain             ; 6                           ;
; cycloneiii_lcell_comb ; 1550                        ;
;     arith             ; 28                          ;
;         2 data inputs ; 28                          ;
;     normal            ; 1522                        ;
;         0 data inputs ; 1                           ;
;         1 data inputs ; 3                           ;
;         2 data inputs ; 92                          ;
;         3 data inputs ; 370                         ;
;         4 data inputs ; 1056                        ;
;                       ;                             ;
; Max LUT depth         ; 14.00                       ;
; Average LUT depth     ; 8.54                        ;
+-----------------------+-----------------------------+


+-------------------------------+
; Elapsed Time Per Partition    ;
+----------------+--------------+
; Partition Name ; Elapsed Time ;
+----------------+--------------+
; Top            ; 00:00:03     ;
+----------------+--------------+


+-------------------------------+
; Analysis & Synthesis Messages ;
+-------------------------------+
Info: *******************************************************************
Info: Running Quartus Prime Analysis & Synthesis
    Info: Version 20.1.1 Build 720 11/11/2020 SJ Lite Edition
    Info: Processing started: Wed Dec 11 19:33:40 2024
Info: Command: quartus_map --read_settings_files=on --write_settings_files=off CryptoDef -c CryptoDef
Warning (18236): Number of processors has not been specified which may cause overloading on shared machines.  Set the global assignment NUM_PARALLEL_PROCESSORS in your QSF to an appropriate value for best performance.
Info (20030): Parallel compilation is enabled and will use 12 of the 12 processors detected
Info (12021): Found 2 design units, including 2 entities, in source file data_driver.v
    Info (12023): Found entity 1: Data_driver File: //wsl.localhost/Ubuntu/home/nik/extra/ex_ex/Zaschita_Huiny_Podgect/Data_driver.v Line: 1
    Info (12023): Found entity 2: hex_to_7seg File: //wsl.localhost/Ubuntu/home/nik/extra/ex_ex/Zaschita_Huiny_Podgect/Data_driver.v Line: 170
Info (12021): Found 1 design units, including 1 entities, in source file magma.v
    Info (12023): Found entity 1: magma File: //wsl.localhost/Ubuntu/home/nik/extra/ex_ex/Zaschita_Huiny_Podgect/magma.v Line: 1
Info (12127): Elaborating entity "Data_driver" for the top level hierarchy
Warning (10230): Verilog HDL assignment warning at Data_driver.v(69): truncated value with size 4 to match size of target (3) File: //wsl.localhost/Ubuntu/home/nik/extra/ex_ex/Zaschita_Huiny_Podgect/Data_driver.v Line: 69
Warning (10230): Verilog HDL assignment warning at Data_driver.v(71): truncated value with size 32 to match size of target (3) File: //wsl.localhost/Ubuntu/home/nik/extra/ex_ex/Zaschita_Huiny_Podgect/Data_driver.v Line: 71
Warning (10230): Verilog HDL assignment warning at Data_driver.v(73): truncated value with size 32 to match size of target (3) File: //wsl.localhost/Ubuntu/home/nik/extra/ex_ex/Zaschita_Huiny_Podgect/Data_driver.v Line: 73
Warning (10230): Verilog HDL assignment warning at Data_driver.v(84): truncated value with size 256 to match size of target (128) File: //wsl.localhost/Ubuntu/home/nik/extra/ex_ex/Zaschita_Huiny_Podgect/Data_driver.v Line: 84
Warning (10230): Verilog HDL assignment warning at Data_driver.v(113): truncated value with size 32 to match size of target (24) File: //wsl.localhost/Ubuntu/home/nik/extra/ex_ex/Zaschita_Huiny_Podgect/Data_driver.v Line: 113
Warning (10034): Output port "s_led" at Data_driver.v(4) has no driver File: //wsl.localhost/Ubuntu/home/nik/extra/ex_ex/Zaschita_Huiny_Podgect/Data_driver.v Line: 4
Info (12128): Elaborating entity "magma" for hierarchy "magma:MAGMA" File: //wsl.localhost/Ubuntu/home/nik/extra/ex_ex/Zaschita_Huiny_Podgect/Data_driver.v Line: 130
Warning (10230): Verilog HDL assignment warning at magma.v(100): truncated value with size 32 to match size of target (6) File: //wsl.localhost/Ubuntu/home/nik/extra/ex_ex/Zaschita_Huiny_Podgect/magma.v Line: 100
Info (10008): Verilog HDL or VHDL information: EDA Netlist Writer cannot regroup multidimensional array "SBOX" into its bus
Info (12128): Elaborating entity "hex_to_7seg" for hierarchy "hex_to_7seg:ht70a" File: //wsl.localhost/Ubuntu/home/nik/extra/ex_ex/Zaschita_Huiny_Podgect/Data_driver.v Line: 146
Warning (12241): 9 hierarchies have connectivity warnings - see the Connectivity Checks report folder
Warning (13024): Output pins are stuck at VCC or GND
    Warning (13410): Pin "s_led" is stuck at GND File: //wsl.localhost/Ubuntu/home/nik/extra/ex_ex/Zaschita_Huiny_Podgect/Data_driver.v Line: 4
Info (286030): Timing-Driven Synthesis is running
Info (16010): Generating hard_block partition "hard_block:auto_generated_inst"
    Info (16011): Adding 0 node(s), including 0 DDIO, 0 PLL, 0 transceiver and 0 LCELL
Info (21057): Implemented 1699 device resources after synthesis - the final resource count might be different
    Info (21058): Implemented 16 input pins
    Info (21059): Implemented 65 output pins
    Info (21061): Implemented 1618 logic cells
Info: Quartus Prime Analysis & Synthesis was successful. 0 errors, 11 warnings
    Info: Peak virtual memory: 4843 megabytes
    Info: Processing ended: Wed Dec 11 19:33:59 2024
    Info: Elapsed time: 00:00:19
    Info: Total CPU time (on all processors): 00:00:13


